INMETHOD tag:1024 Method:Ljava/lang/StringBuilder;append
INMETHOD tag:1024 Method:Ljava/lang/AbstractStringBuilder;append0
INMETHOD tag:1024 Method:Ljava/net/URI$1;isRetained
INMETHOD tag:1024 Method:Ljava/lang/StringBuilder;append
INMETHOD tag:1024 Method:Ljava/lang/AbstractStringBuilder;append0
INMETHOD tag:1024 Method:Ljava/lang/StringBuilder;append
INMETHOD tag:1024 Method:Ljava/lang/AbstractStringBuilder;append0
INMETHOD tag:1024 Method:Ljava/lang/StringBuilder;append
INMETHOD tag:1024 Method:Ljava/lang/AbstractStringBuilder;append0
INMETHOD tag:1024 Method:Ljava/lang/StringBuilder;append
INMETHOD tag:1024 Method:Ljava/lang/AbstractStringBuilder;append0
INMETHOD tag:1024 Method:Ljava/lang/StringBuilder;append
INMETHOD tag:1024 Method:Ljava/lang/AbstractStringBuilder;append0
INMETHOD tag:1024 Method:Lorg/apache/harmony/xnet/provider/jsse/OpenSSLMessageDigestJDK;engineUpdate
INMETHOD tag:1024 Method:Lorg/apache/harmony/xnet/provider/jsse/NativeCrypto;EVP_DigestUpdate
D/TraceLog(13720): CLICKEVENT class android.widget.TextView$热门歌曲
D/TraceLog(13720): CLICKEVENT ONCLICK:id:2131364745;com.kugou.android:id/song_hot_tv
INMETHOD tag:1024 Method:Lorg/apache/harmony/xnet/provider/jsse/OpenSSLMessageDigestJDK;engineUpdate
INMETHOD tag:1024 Method:Lorg/apache/harmony/xnet/provider/jsse/NativeCrypto;EVP_DigestUpdate
INMETHOD tag:1024 Method:Lorg/apache/harmony/xnet/provider/jsse/OpenSSLMessageDigestJDK;engineUpdate
INMETHOD tag:1024 Method:Lorg/apache/harmony/xnet/provider/jsse/NativeCrypto;EVP_DigestUpdate
W/TraceLog(12551): INMETHOD tag:1024 Method:Lorg/apache/http/cookie/CookieOrigin;<init>,(Ljava/lang/String;ILjava/lang/String;Z)V
W/TraceLog(12551): STRINMETHO #1:config.mobile.kugou.com
W/TraceLog(12551): STRINMETHO #2:/api/v2/config/index
INMETHOD tag:1024 Method:Ljava/util/LinkedHashMap;removeEldestEntry
INMETHOD tag:1024 Method:Ljava/util/LinkedHashMap$LinkedEntry;<init>
INMETHOD tag:1024 Method:Ljava/util/HashMap$HashMapEntry;<init>
INMETHOD tag:1024 Method:Ljava/lang/Long;toString
INMETHOD tag:1024 Method:Ljava/lang/IntegralToString;longToString
INMETHOD tag:1024 Method:Ljava/lang/IntegralToString;convertLong
INMETHOD tag:1024 Method:Ljava/lang/IntegralToString;convertInt
INMETHOD tag:1024 Method:Ldalvik/system/Taint;getTaintInt
INMETHOD tag:1024 Method:Ljava/lang/Math;min
INMETHOD tag:1024 Method:Ljava/lang/Math;min_intrinsic
INMETHOD tag:1024 Method:Ljava/lang/Math;min
INMETHOD tag:1024 Method:Ljava/lang/Math;min_intrinsic
INMETHOD tag:1024 Method:Ljava/lang/Math;min
INMETHOD tag:1024 Method:Ljava/lang/Math;min_intrinsic
INMETHOD tag:1024 Method:Ljava/lang/Character;digit
INMETHOD tag:1024 Method:Ljava/lang/Character;digit
INMETHOD tag:1024 Method:Ljava/lang/Character;digit
INMETHOD tag:1024 Method:Ljava/lang/Character;digit
INMETHOD tag:1024 Method:Ljava/lang/Character;digit
INMETHOD tag:1024 Method:Ljava/lang/Character;digit
INMETHOD tag:1024 Method:Lorg/apache/http/impl/io/ContentLengthOutputStream;<init>
INMETHOD tag:1024 Method:Lorg/apache/http/impl/io/ContentLengthOutputStream;write
INMETHOD tag:1024 Method:Lorg/apache/http/impl/io/AbstractSessionOutputBuffer;write
INMETHOD tag:1024 Method:Llibcore/io/IoBridge;sendto
INMETHOD tag:1024 Method:Llibcore/io/BlockGuardOs;sendto
INMETHOD tag:1024 Method:Llibcore/io/Posix;sendto
INMETHOD tag:1024 Method:Ldalvik/system/Taint;getTaintByteArray
INMETHOD tag:1024 Method:Ldalvik/system/Taint;addTaintByteArray
INMETHOD tag:1024 Method:Llibcore/io/Posix;sendtoBytes
INMETHOD tag:1024 Method:Ldalvik/system/Taint;getTaintByteArray
INMETHOD tag:1024 Method:Ljava/lang/String;<init>
INMETHOD tag:1024 Method:Ljava/lang/String;<init>
INMETHOD tag:1024 Method:Ljava/lang/String;<init>
INMETHOD tag:1024 Method:Ljava/lang/System;arraycopy
INMETHOD tag:1024 Method:Ljava/lang/String;<init>
INMETHOD tag:1024 Method:Ljava/lang/System;arraycopy
INMETHOD tag:1024 Method:Ljava/lang/String;<init>
INMETHOD tag:1024 Method:Ljava/lang/System;arraycopy
INMETHOD tag:1024 Method:Ljava/lang/String;<init>
INMETHOD tag:1024 Method:Ljava/lang/System;arraycopy
INMETHOD tag:1024 Method:Ljava/lang/String;<init>
INMETHOD tag:1024 Method:Ljava/lang/System;arraycopy
TaintSink libcore.os.send(42.62.68.66) received
INMETHOD tag:1024 Method:Llibcore/io/Posix;sendtoBytesImpl
INMETHOD tag:1024 Method:Ljava/net/PlainSocketImpl$PlainSocketOutputStream;write
INMETHOD tag:1024 Method:Ljava/net/PlainSocketImpl;access$100
INMETHOD tag:1024 Method:Ljava/net/PlainSocketImpl;write
INMETHOD tag:1024 Method:Llibcore/io/IoBridge;sendto
INMETHOD tag:1024 Method:Llibcore/io/BlockGuardOs;sendto
INMETHOD tag:1024 Method:Llibcore/io/Posix;sendto
INMETHOD tag:1024 Method:Ldalvik/system/Taint;getTaintByteArray
INMETHOD tag:1024 Method:Ldalvik/system/Taint;addTaintByteArray
INMETHOD tag:1024 Method:Llibcore/io/Posix;sendtoBytes
INMETHOD tag:1024 Method:Ldalvik/system/Taint;getTaintByteArray
INMETHOD tag:1024 Method:Ljava/lang/String;<init>
INMETHOD tag:1024 Method:Ljava/lang/String;<init>
INMETHOD tag:1024 Method:Ljava/lang/System;arraycopy
TaintSink libcore.os.send(42.62.68.66) received
INMETHOD tag:1024 Method:Llibcore/io/Posix;sendtoBytesImpl
INMETHOD tag:1024 Method:Ljava/util/LinkedHashMap;removeEldestEntry
INMETHOD tag:1024 Method:Ljava/util/LinkedHashMap$LinkedEntry;<init>
INMETHOD tag:1024 Method:Ljava/util/HashMap$HashMapEntry;<init>
INMETHOD tag:1024 Method:Lorg/apache/harmony/xnet/provider/jsse/OpenSSLMessageDigestJDK;engineUpdate
INMETHOD tag:1024 Method:Lorg/apache/harmony/xnet/provider/jsse/NativeCrypto;EVP_DigestUpdate
INMETHOD tag:1024 Method:Lorg/apache/harmony/xnet/provider/jsse/OpenSSLMessageDigestJDK;engineUpdate
INMETHOD tag:1024 Method:Lorg/apache/harmony/xnet/provider/jsse/NativeCrypto;EVP_DigestUpdate
INMETHOD tag:1024 Method:Lorg/apache/harmony/xnet/provider/jsse/OpenSSLMessageDigestJDK;engineUpdate
INMETHOD tag:1024 Method:Lorg/apache/harmony/xnet/provider/jsse/NativeCrypto;EVP_DigestUpdate
INMETHOD tag:1024 Method:Ljava/lang/String;equals
INMETHOD tag:1024 Method:Ljava/lang/String;equals_intrinsic
INMETHOD tag:1024 Method:Ljava/util/LinkedHashMap;makeTail
INMETHOD tag:1024 Method:Ljava/lang/Object;clone
INMETHOD tag:1024 Method:Ljava/lang/Object;internalClone
INMETHOD tag:1024 Method:Ljava/lang/String;equals
INMETHOD tag:1024 Method:Ljava/lang/String;equals_intrinsic
INMETHOD tag:1024 Method:Ljava/util/LinkedHashMap;makeTail
INMETHOD tag:1024 Method:Ljava/lang/Object;clone
INMETHOD tag:1024 Method:Ljava/lang/Object;internalClone
INMETHOD tag:1024 Method:Ljava/lang/Long;toString
INMETHOD tag:1024 Method:Ljava/lang/IntegralToString;longToString
INMETHOD tag:1024 Method:Ljava/lang/IntegralToString;convertLong
INMETHOD tag:1024 Method:Ljava/lang/IntegralToString;convertInt
INMETHOD tag:1024 Method:Ldalvik/system/Taint;getTaintInt
INMETHOD tag:1024 Method:Ljava/lang/Math;min
INMETHOD tag:1024 Method:Ljava/lang/Math;min_intrinsic
INMETHOD tag:1024 Method:Ljava/lang/Math;min
INMETHOD tag:1024 Method:Ljava/lang/Math;min_intrinsic
INMETHOD tag:1024 Method:Ljava/lang/Math;min
INMETHOD tag:1024 Method:Ljava/lang/Math;min_intrinsic
INMETHOD tag:1024 Method:Ljava/lang/Character;digit
INMETHOD tag:1024 Method:Ljava/lang/Character;digit
INMETHOD tag:1024 Method:Ljava/lang/Character;digit
INMETHOD tag:1024 Method:Ljava/lang/Character;digit
INMETHOD tag:1024 Method:Ljava/lang/Character;digit
INMETHOD tag:1024 Method:Ljava/lang/Character;digit
INMETHOD tag:1024 Method:Lorg/apache/http/impl/io/ContentLengthOutputStream;<init>
INMETHOD tag:1024 Method:Lorg/apache/http/impl/io/ContentLengthOutputStream;write
INMETHOD tag:1024 Method:Lorg/apache/http/impl/io/AbstractSessionOutputBuffer;write
INMETHOD tag:1024 Method:Llibcore/io/IoBridge;sendto
INMETHOD tag:1024 Method:Llibcore/io/BlockGuardOs;sendto
INMETHOD tag:1024 Method:Llibcore/io/Posix;sendto
INMETHOD tag:1024 Method:Ldalvik/system/Taint;getTaintByteArray
INMETHOD tag:1024 Method:Ldalvik/system/Taint;addTaintByteArray
INMETHOD tag:1024 Method:Llibcore/io/Posix;sendtoBytes
INMETHOD tag:1024 Method:Ldalvik/system/Taint;getTaintByteArray
INMETHOD tag:1024 Method:Ljava/lang/String;<init>
INMETHOD tag:1024 Method:Ljava/lang/String;<init>
INMETHOD tag:1024 Method:Ljava/lang/String;<init>
INMETHOD tag:1024 Method:Ljava/lang/System;arraycopy
INMETHOD tag:1024 Method:Ljava/lang/String;<init>
INMETHOD tag:1024 Method:Ljava/lang/System;arraycopy
INMETHOD tag:1024 Method:Ljava/lang/String;<init>
INMETHOD tag:1024 Method:Ljava/lang/System;arraycopy
INMETHOD tag:1024 Method:Ljava/lang/String;<init>
INMETHOD tag:1024 Method:Ljava/lang/System;arraycopy
INMETHOD tag:1024 Method:Ljava/lang/String;<init>
INMETHOD tag:1024 Method:Ljava/lang/System;arraycopy
TaintSink libcore.os.send(42.62.68.66) received
INMETHOD tag:1024 Method:Llibcore/io/Posix;sendtoBytesImpl
CLICKEVENT class android.widget.RadioButton$礼物榜
CLICKEVENT class android.widget.RadioButton$礼物榜
CLICKEVENT ONCLICK 
INMETHOD tag:1024 Method:Lorg/apache/harmony/xnet/provider/jsse/OpenSSLMessageDigestJDK;engineUpdate
INMETHOD tag:1024 Method:Lorg/apache/harmony/xnet/provider/jsse/NativeCrypto;EVP_DigestUpdate
INMETHOD tag:1024 Method:Lorg/apache/harmony/xnet/provider/jsse/OpenSSLMessageDigestJDK;engineUpdate
INMETHOD tag:1024 Method:Lorg/apache/harmony/xnet/provider/jsse/NativeCrypto;EVP_DigestUpdate
INMETHOD tag:1024 Method:Ljava/lang/String;equals
INMETHOD tag:1024 Method:Ljava/lang/String;equals_intrinsic
INMETHOD tag:1024 Method:Ljava/util/LinkedHashMap;makeTail
INMETHOD tag:1024 Method:Ljava/lang/Object;clone
INMETHOD tag:1024 Method:Ljava/lang/Object;internalClone
INMETHOD tag:1024 Method:Ljava/lang/Long;toString
INMETHOD tag:1024 Method:Ljava/lang/IntegralToString;longToString
INMETHOD tag:1024 Method:Ljava/lang/IntegralToString;convertLong
INMETHOD tag:1024 Method:Ljava/lang/IntegralToString;convertInt
INMETHOD tag:1024 Method:Ldalvik/system/Taint;getTaintInt
INMETHOD tag:1024 Method:Ljava/lang/Math;min
INMETHOD tag:1024 Method:Ljava/lang/Math;min_intrinsic
INMETHOD tag:1024 Method:Ljava/lang/Math;min
INMETHOD tag:1024 Method:Ljava/lang/Math;min_intrinsic
INMETHOD tag:1024 Method:Ljava/lang/Math;min
INMETHOD tag:1024 Method:Ljava/lang/Math;min_intrinsic
INMETHOD tag:1024 Method:Ljava/lang/Character;digit
INMETHOD tag:1024 Method:Ljava/lang/Character;digit
INMETHOD tag:1024 Method:Ljava/lang/Character;digit
INMETHOD tag:1024 Method:Ljava/lang/Character;digit
INMETHOD tag:1024 Method:Ljava/lang/Character;digit
INMETHOD tag:1024 Method:Ljava/lang/Character;digit
INMETHOD tag:1024 Method:Lorg/apache/http/impl/io/ContentLengthOutputStream;<init>
INMETHOD tag:1024 Method:Lorg/apache/http/impl/io/ContentLengthOutputStream;write
INMETHOD tag:1024 Method:Lorg/apache/http/impl/io/AbstractSessionOutputBuffer;write
INMETHOD tag:1024 Method:Llibcore/io/IoBridge;sendto
INMETHOD tag:1024 Method:Llibcore/io/BlockGuardOs;sendto
INMETHOD tag:1024 Method:Llibcore/io/Posix;sendto
INMETHOD tag:1024 Method:Ldalvik/system/Taint;getTaintByteArray
INMETHOD tag:1024 Method:Ldalvik/system/Taint;addTaintByteArray
INMETHOD tag:1024 Method:Llibcore/io/Posix;sendtoBytes
INMETHOD tag:1024 Method:Ldalvik/system/Taint;getTaintByteArray
INMETHOD tag:1024 Method:Ljava/lang/String;<init>
INMETHOD tag:1024 Method:Ljava/lang/String;<init>
INMETHOD tag:1024 Method:Ljava/lang/String;<init>
INMETHOD tag:1024 Method:Ljava/lang/System;arraycopy
INMETHOD tag:1024 Method:Ljava/lang/String;<init>
INMETHOD tag:1024 Method:Ljava/lang/System;arraycopy
INMETHOD tag:1024 Method:Ljava/lang/String;<init>
INMETHOD tag:1024 Method:Ljava/lang/System;arraycopy
INMETHOD tag:1024 Method:Ljava/lang/String;<init>
INMETHOD tag:1024 Method:Ljava/lang/System;arraycopy
INMETHOD tag:1024 Method:Ljava/lang/String;<init>
INMETHOD tag:1024 Method:Ljava/lang/System;arraycopy
TaintSink libcore.os.send(42.62.68.66) received
INMETHOD tag:1024 Method:Llibcore/io/Posix;sendtoBytesImpl
